0 info it worked if it ends with ok
1 verbose cli [ 'C:\\Program Files\\nodejs\\node.exe',
1 verbose cli   'C:\\Program Files\\nodejs\\node_modules\\npm\\bin\\npm-cli.js',
1 verbose cli   'start' ]
2 info using npm@3.10.10
3 info using node@v6.10.1
4 verbose run-script [ 'prestart', 'start', 'poststart' ]
5 info lifecycle chatogo@0.0.1~prestart: chatogo@0.0.1
6 silly lifecycle chatogo@0.0.1~prestart: no script for prestart, continuing
7 info lifecycle chatogo@0.0.1~start: chatogo@0.0.1
8 verbose lifecycle chatogo@0.0.1~start: unsafe-perm in lifecycle true
9 verbose lifecycle chatogo@0.0.1~start: PATH: C:\Program Files\nodejs\node_modules\npm\bin\node-gyp-bin;C:\Users\roger\Desktop\App-Nodejs-Firebase\NodeJS-Server\node_modules\.bin;C:\Users\roger\bin;C:\Program Files\Git\mingw64\bin;C:\Program Files\Git\usr\local\bin;C:\Program Files\Git\usr\bin;C:\Program Files\Git\usr\bin;C:\Program Files\Git\mingw64\bin;C:\Program Files\Git\usr\bin;C:\Users\roger\bin;C:\Program Files (x86)\NVIDIA Corporation\PhysX\Common;C:\ProgramData\Oracle\Java\javapath;C:\WINDOWS\system32;C:\WINDOWS;C:\WINDOWS\System32\Wbem;C:\WINDOWS\System32\WindowsPowerShell\v1.0;C:\wamp64\bin\php\php5.6.25;C:\ProgramData\ComposerSetup\bin;C:\Program Files (x86)\clisp-2.49;C:\Program Files\Python36;C:\Program Files\nodejs;C:\Users\roger\AppData\Local\Microsoft\WindowsApps;C:\Users\roger\AppData\Roaming\Composer\vendor\bin;C:\Program Files (x86)\SSH Communications Security\SSH Secure Shell;C:\Users\roger\AppData\Roaming\npm;C:\Program Files\Heroku\bin;C:\Program Files\PostgreSQL\9.6\bin;C:\Program Files\Git\usr\bin\vendor_perl;C:\Program Files\Git\usr\bin\core_perl
10 verbose lifecycle chatogo@0.0.1~start: CWD: C:\Users\roger\Desktop\App-Nodejs-Firebase\NodeJS-Server
11 silly lifecycle chatogo@0.0.1~start: Args: [ '/d /s /c', 'node index.js' ]
12 silly lifecycle chatogo@0.0.1~start: Returned: code: 1  signal: null
13 info lifecycle chatogo@0.0.1~start: Failed to exec start script
14 verbose stack Error: chatogo@0.0.1 start: `node index.js`
14 verbose stack Exit status 1
14 verbose stack     at EventEmitter.<anonymous> (C:\Program Files\nodejs\node_modules\npm\lib\utils\lifecycle.js:255:16)
14 verbose stack     at emitTwo (events.js:106:13)
14 verbose stack     at EventEmitter.emit (events.js:191:7)
14 verbose stack     at ChildProcess.<anonymous> (C:\Program Files\nodejs\node_modules\npm\lib\utils\spawn.js:40:14)
14 verbose stack     at emitTwo (events.js:106:13)
14 verbose stack     at ChildProcess.emit (events.js:191:7)
14 verbose stack     at maybeClose (internal/child_process.js:886:16)
14 verbose stack     at Process.ChildProcess._handle.onexit (internal/child_process.js:226:5)
15 verbose pkgid chatogo@0.0.1
16 verbose cwd C:\Users\roger\Desktop\App-Nodejs-Firebase\NodeJS-Server
17 error Windows_NT 10.0.15063
18 error argv "C:\\Program Files\\nodejs\\node.exe" "C:\\Program Files\\nodejs\\node_modules\\npm\\bin\\npm-cli.js" "start"
19 error node v6.10.1
20 error npm  v3.10.10
21 error code ELIFECYCLE
22 error chatogo@0.0.1 start: `node index.js`
22 error Exit status 1
23 error Failed at the chatogo@0.0.1 start script 'node index.js'.
23 error Make sure you have the latest version of node.js and npm installed.
23 error If you do, this is most likely a problem with the chatogo package,
23 error not with npm itself.
23 error Tell the author that this fails on your system:
23 error     node index.js
23 error You can get information on how to open an issue for this project with:
23 error     npm bugs chatogo
23 error Or if that isn't available, you can get their info via:
23 error     npm owner ls chatogo
23 error There is likely additional logging output above.
24 verbose exit [ 1, true ]
